The initial table:
 1  2  4  6  6 
 8  2  0  3  9 
 6  3  3  1  1 
 6  5  3  9  9 
 2  5  1  6  0 

User chose to sort the table by column number: 0
 1  2  4  6  6 
 2  2  0  3  9 
 6  3  3  1  1 
 6  5  3  9  9 
 8  5  1  6  0 

User chose to continue sorting
User chose to sort the table by column number: 2
 1  2  0  6  6 
 2  2  1  3  9 
 6  3  3  1  1 
 6  5  3  9  9 
 8  5  4  6  0 

User chose to continue sorting
User chose to sort the table by column number: 1
 1  2  0  6  6 
 2  2  1  3  9 
 6  3  3  1  1 
 6  5  3  9  9 
 8  5  4  6  0 

User chose to continue sorting
User chose to sort the table by column number: 3
 1  2  0  1  6 
 2  2  1  3  9 
 6  3  3  6  1 
 6  5  3  6  9 
 8  5  4  9  0 

User chose to continue sorting
User chose to sort the table by column number: 4
 1  2  0  1  0 
 2  2  1  3  1 
 6  3  3  6  6 
 6  5  3  6  9 
 8  5  4  9  9 

User chose to exit the program
The final table:
 1  2  0  1  0 
 2  2  1  3  1 
 6  3  3  6  6 
 6  5  3  6  9 
 8  5  4  9  9 

The initial table:
 1  5  3  1  9  0  6  1 
 2  5  9  3  9  5  2  3 
 8  1  8  5  9  1  2  8 
 5  8  5  7  5  9  4  5 
 1  1  9  0  7  0  8  3 
 0  4  2  3  6  7  5  1 
 2  6  6  0  3  7  6  9 
 7  7  7  8  5  4  5  9 

User chose to sort the table by column number: 0
 0  5  3  1  9  0  6  1 
 1  5  9  3  9  5  2  3 
 1  1  8  5  9  1  2  8 
 2  8  5  7  5  9  4  5 
 2  1  9  0  7  0  8  3 
 5  4  2  3  6  7  5  1 
 7  6  6  0  3  7  6  9 
 8  7  7  8  5  4  5  9 

User chose to continue sorting
User chose to sort the table by column number: 1
 0  1  3  1  9  0  6  1 
 1  1  9  3  9  5  2  3 
 1  4  8  5  9  1  2  8 
 2  5  5  7  5  9  4  5 
 2  5  9  0  7  0  8  3 
 5  6  2  3  6  7  5  1 
 7  7  6  0  3  7  6  9 
 8  8  7  8  5  4  5  9 

User chose to continue sorting
User chose to sort the table by column number: 3
 0  1  3  0  9  0  6  1 
 1  1  9  0  9  5  2  3 
 1  4  8  1  9  1  2  8 
 2  5  5  3  5  9  4  5 
 2  5  9  3  7  0  8  3 
 5  6  2  5  6  7  5  1 
 7  7  6  7  3  7  6  9 
 8  8  7  8  5  4  5  9 

User chose to continue sorting
User chose to sort the table by column number: 2
 0  1  2  0  9  0  6  1 
 1  1  3  0  9  5  2  3 
 1  4  5  1  9  1  2  8 
 2  5  6  3  5  9  4  5 
 2  5  7  3  7  0  8  3 
 5  6  8  5  6  7  5  1 
 7  7  9  7  3  7  6  9 
 8  8  9  8  5  4  5  9 

User chose to continue sorting
User chose to sort the table by column number: 3
 0  1  2  0  9  0  6  1 
 1  1  3  0  9  5  2  3 
 1  4  5  1  9  1  2  8 
 2  5  6  3  5  9  4  5 
 2  5  7  3  7  0  8  3 
 5  6  8  5  6  7  5  1 
 7  7  9  7  3  7  6  9 
 8  8  9  8  5  4  5  9 

User chose to continue sorting
User chose to sort the table by column number: 4
 0  1  2  0  3  0  6  1 
 1  1  3  0  5  5  2  3 
 1  4  5  1  5  1  2  8 
 2  5  6  3  6  9  4  5 
 2  5  7  3  7  0  8  3 
 5  6  8  5  9  7  5  1 
 7  7  9  7  9  7  6  9 
 8  8  9  8  9  4  5  9 

User chose to continue sorting
User chose to sort the table by column number: 5
 0  1  2  0  3  0  6  1 
 1  1  3  0  5  0  2  3 
 1  4  5  1  5  1  2  8 
 2  5  6  3  6  4  4  5 
 2  5  7  3  7  5  8  3 
 5  6  8  5  9  7  5  1 
 7  7  9  7  9  7  6  9 
 8  8  9  8  9  9  5  9 

User chose to continue sorting
User chose to sort the table by column number: 6
 0  1  2  0  3  0  2  1 
 1  1  3  0  5  0  2  3 
 1  4  5  1  5  1  4  8 
 2  5  6  3  6  4  5  5 
 2  5  7  3  7  5  5  3 
 5  6  8  5  9  7  6  1 
 7  7  9  7  9  7  6  9 
 8  8  9  8  9  9  8  9 

User chose to continue sorting
User chose to sort the table by column number: 7
 0  1  2  0  3  0  2  1 
 1  1  3  0  5  0  2  1 
 1  4  5  1  5  1  4  3 
 2  5  6  3  6  4  5  3 
 2  5  7  3  7  5  5  5 
 5  6  8  5  9  7  6  8 
 7  7  9  7  9  7  6  9 
 8  8  9  8  9  9  8  9 

User chose to exit the program
The final table:
 0  1  2  0  3  0  2  1 
 1  1  3  0  5  0  2  1 
 1  4  5  1  5  1  4  3 
 2  5  6  3  6  4  5  3 
 2  5  7  3  7  5  5  5 
 5  6  8  5  9  7  6  8 
 7  7  9  7  9  7  6  9 
 8  8  9  8  9  9  8  9 

